[ 2016-09-14T14:16:39+08:00 ] ::1 /yunmarker/index.php/Home/Yun/ShowClassification
INFO: [ app_init ] --START--
INFO: Run Behavior\BuildLiteBehavior [ RunTime:0.000035s ]
INFO: [ app_init ] --END-- [ RunTime:0.029342s ]
INFO: [ app_begin ] --START--
INFO: Run Behavior\ReadHtmlCacheBehavior [ RunTime:0.014278s ]
INFO: [ app_begin ] --END-- [ RunTime:0.014464s ]
SQL: SHOW COLUMNS FROM `classification` [ RunTime:0.4443s ]
SQL: SELECT * FROM `classification` ORDER BY update_time desc,create_time desc  [ RunTime:0.0285s ]
INFO: [ app_end ] --START--
INFO: Run Behavior\ShowPageTraceBehavior [ RunTime:0.063133s ]
INFO: [ app_end ] --END-- [ RunTime:0.063436s ]

[ 2016-09-14T16:39:35+08:00 ] ::1 /yunmarker/index.php/Home/Yun/ShowAll?classification_id=4
INFO: [ app_init ] --START--
INFO: Run Behavior\BuildLiteBehavior [ RunTime:0.000093s ]
INFO: [ app_init ] --END-- [ RunTime:0.043610s ]
INFO: [ app_begin ] --START--
INFO: Run Behavior\ReadHtmlCacheBehavior [ RunTime:0.012965s ]
INFO: [ app_begin ] --END-- [ RunTime:0.013349s ]
SQL: SHOW COLUMNS FROM `yunmarker` [ RunTime:0.2635s ]
SQL: SELECT * FROM `yunmarker` WHERE ( classification_id=4 ) ORDER BY update_time desc,create_time desc  [ RunTime:0.0095s ]
INFO: [ view_parse ] --START--
INFO: [ template_filter ] --START--
INFO: Run Behavior\ContentReplaceBehavior [ RunTime:0.000401s ]
INFO: [ template_filter ] --END-- [ RunTime:0.000788s ]
INFO: Run Behavior\ParseTemplateBehavior [ RunTime:0.218852s ]
INFO: [ view_parse ] --END-- [ RunTime:0.219177s ]
INFO: [ view_filter ] --START--
INFO: Run Behavior\WriteHtmlCacheBehavior [ RunTime:0.038302s ]
INFO: [ view_filter ] --END-- [ RunTime:0.038595s ]
INFO: [ app_end ] --START--
INFO: Run Behavior\ShowPageTraceBehavior [ RunTime:0.026951s ]
INFO: [ app_end ] --END-- [ RunTime:0.027404s ]

[ 2016-09-14T16:39:41+08:00 ] ::1 /yunmarker/index.php/Home/Yun
INFO: [ app_init ] --START--
INFO: Run Behavior\BuildLiteBehavior [ RunTime:0.000030s ]
INFO: [ app_init ] --END-- [ RunTime:0.000557s ]
INFO: [ app_begin ] --START--
INFO: Run Behavior\ReadHtmlCacheBehavior [ RunTime:0.000729s ]
INFO: [ app_begin ] --END-- [ RunTime:0.000886s ]
INFO: [ view_parse ] --START--
INFO: [ template_filter ] --START--
INFO: Run Behavior\ContentReplaceBehavior [ RunTime:0.000418s ]
INFO: [ template_filter ] --END-- [ RunTime:0.000983s ]
INFO: Run Behavior\ParseTemplateBehavior [ RunTime:0.062963s ]
INFO: [ view_parse ] --END-- [ RunTime:0.063161s ]
INFO: [ view_filter ] --START--
INFO: Run Behavior\WriteHtmlCacheBehavior [ RunTime:0.000627s ]
INFO: [ view_filter ] --END-- [ RunTime:0.000793s ]
INFO: [ app_end ] --START--
INFO: Run Behavior\ShowPageTraceBehavior [ RunTime:0.001164s ]
INFO: [ app_end ] --END-- [ RunTime:0.001432s ]

[ 2016-09-14T16:39:42+08:00 ] ::1 /yunmarker/index.php/Home/Yun/ShowClassification
INFO: [ app_init ] --START--
INFO: Run Behavior\BuildLiteBehavior [ RunTime:0.000027s ]
INFO: [ app_init ] --END-- [ RunTime:0.000469s ]
INFO: [ app_begin ] --START--
INFO: Run Behavior\ReadHtmlCacheBehavior [ RunTime:0.000472s ]
INFO: [ app_begin ] --END-- [ RunTime:0.000576s ]
SQL: SHOW COLUMNS FROM `classification` [ RunTime:0.0047s ]
SQL: SELECT * FROM `classification` ORDER BY update_time desc,create_time desc  [ RunTime:0.0004s ]
INFO: [ app_end ] --START--
INFO: Run Behavior\ShowPageTraceBehavior [ RunTime:0.000660s ]
INFO: [ app_end ] --END-- [ RunTime:0.000801s ]

[ 2016-09-14T16:39:50+08:00 ] ::1 /yunmarker/index.php/Home/Yun/ShowAll?classification_id=2
INFO: [ app_init ] --START--
INFO: Run Behavior\BuildLiteBehavior [ RunTime:0.000029s ]
INFO: [ app_init ] --END-- [ RunTime:0.000489s ]
INFO: [ app_begin ] --START--
INFO: Run Behavior\ReadHtmlCacheBehavior [ RunTime:0.000515s ]
INFO: [ app_begin ] --END-- [ RunTime:0.000654s ]
SQL: SHOW COLUMNS FROM `yunmarker` [ RunTime:0.0051s ]
SQL: SELECT * FROM `yunmarker` WHERE ( classification_id=2 ) ORDER BY update_time desc,create_time desc  [ RunTime:0.0005s ]
INFO: [ view_parse ] --START--
INFO: [ template_filter ] --START--
INFO: Run Behavior\ContentReplaceBehavior [ RunTime:0.000192s ]
INFO: [ template_filter ] --END-- [ RunTime:0.000449s ]
INFO: Run Behavior\ParseTemplateBehavior [ RunTime:0.026465s ]
INFO: [ view_parse ] --END-- [ RunTime:0.026617s ]
INFO: [ view_filter ] --START--
INFO: Run Behavior\WriteHtmlCacheBehavior [ RunTime:0.000392s ]
INFO: [ view_filter ] --END-- [ RunTime:0.000518s ]
INFO: [ app_end ] --START--
INFO: Run Behavior\ShowPageTraceBehavior [ RunTime:0.000876s ]
INFO: [ app_end ] --END-- [ RunTime:0.001121s ]

