[ 2016-07-11T17:40:53+08:00 ] 127.0.0.1 /yunmarker/index.php/Home/Yun/Add?title=%E7%94%B5%E5%AD%90%E4%B9%A6%E5%8C%85v5.5&url=http%3A%2F%2Fwiki.dev.anoah.com%2Findex.php%3Ftitle%3D%25E7%2594%25B5%25E5%25AD%2590%25E4%25B9%25A6%25E5%258C%2585%2Fv5.5&classification_id=2&_=1468230049506
INFO: [ app_init ] --START--
INFO: Run Behavior\BuildLiteBehavior [ RunTime:0.000000s ]
INFO: [ app_init ] --END-- [ RunTime:0.058004s ]
INFO: [ app_begin ] --START--
INFO: Run Behavior\ReadHtmlCacheBehavior [ RunTime:0.016001s ]
INFO: [ app_begin ] --END-- [ RunTime:0.016001s ]
SQL: SHOW COLUMNS FROM `yunmarker` [ RunTime:0.4400s ]
SQL: INSERT INTO `yunmarker` (`title`,`href`,`icon`,`marker_id`,`classification_id`,`create_time`) VALUES ('电子书包v5.5','http://wiki.dev.anoah.com/index.php?title=%E7%94%B5%E5%AD%90%E4%B9%A6%E5%8C%85/v5.5','http://wiki.dev.anoah.com/index.php?title=%E7%94%B5%E5%AD%90%E4%B9%A6%E5%8C%85/v5.5/favicon.ico',NULL,'2','2016-07-11 17:40:53') [ RunTime:0.4490s ]
INFO: [ app_end ] --START--
INFO: Run Behavior\ShowPageTraceBehavior [ RunTime:0.029002s ]
INFO: [ app_end ] --END-- [ RunTime:0.029002s ]

[ 2016-07-11T17:41:05+08:00 ] 127.0.0.1 /yunmarker/index.php/Home/Yun/Alter?marker_id=20&title=%E7%94%B5%E5%AD%90%E4%B9%A6%E5%8C%85v5.5wiki&href=http%3A%2F%2Fwiki.dev.anoah.com%2Findex.php%3Ftitle%3D%25E7%2594%25B5%25E5%25AD%2590%25E4%25B9%25A6%25E5%258C%2585%2Fv5.5
INFO: [ app_init ] --START--
INFO: Run Behavior\BuildLiteBehavior [ RunTime:0.000000s ]
INFO: [ app_init ] --END-- [ RunTime:0.001000s ]
INFO: [ app_begin ] --START--
INFO: Run Behavior\ReadHtmlCacheBehavior [ RunTime:0.001000s ]
INFO: [ app_begin ] --END-- [ RunTime:0.001000s ]
SQL: SHOW COLUMNS FROM `yunmarker` [ RunTime:0.0070s ]
SQL: UPDATE `yunmarker` SET `title`='电子书包v5.5wiki',`href`='http://wiki.dev.anoah.com/index.php?title=%E7%94%B5%E5%AD%90%E4%B9%A6%E5%8C%85/v5.5',`update_time`='2016-07-11 17:41:04' WHERE `marker_id` = 20 [ RunTime:0.1350s ]
INFO: [ app_end ] --START--
INFO: Run Behavior\ShowPageTraceBehavior [ RunTime:0.001000s ]
INFO: [ app_end ] --END-- [ RunTime:0.001000s ]

[ 2016-07-11T17:41:05+08:00 ] 127.0.0.1 /yunmarker/index.php/Home/Yun/ShowAll?classification_id=2
INFO: [ app_init ] --START--
INFO: Run Behavior\BuildLiteBehavior [ RunTime:0.000000s ]
INFO: [ app_init ] --END-- [ RunTime:0.001000s ]
INFO: [ app_begin ] --START--
INFO: Run Behavior\ReadHtmlCacheBehavior [ RunTime:0.002000s ]
INFO: [ app_begin ] --END-- [ RunTime:0.002000s ]
SQL: SHOW COLUMNS FROM `yunmarker` [ RunTime:0.0050s ]
SQL: SELECT * FROM `yunmarker` WHERE ( classification_id=2 ) ORDER BY update_time desc,create_time desc  [ RunTime:0.0170s ]
INFO: [ view_parse ] --START--
INFO: [ template_filter ] --START--
INFO: Run Behavior\ContentReplaceBehavior [ RunTime:0.000000s ]
INFO: [ template_filter ] --END-- [ RunTime:0.000000s ]
INFO: Run Behavior\ParseTemplateBehavior [ RunTime:0.185010s ]
INFO: [ view_parse ] --END-- [ RunTime:0.185010s ]
INFO: [ view_filter ] --START--
INFO: Run Behavior\WriteHtmlCacheBehavior [ RunTime:0.048003s ]
INFO: [ view_filter ] --END-- [ RunTime:0.048003s ]
INFO: [ app_end ] --START--
INFO: Run Behavior\ShowPageTraceBehavior [ RunTime:0.002000s ]
INFO: [ app_end ] --END-- [ RunTime:0.002000s ]

