[ 2016-08-01T09:00:32+08:00 ] ::1 /yunmarker/index.php/Home/Yun
INFO: [ app_init ] --START--
INFO: Run Behavior\BuildLiteBehavior [ RunTime:0.000064s ]
INFO: [ app_init ] --END-- [ RunTime:0.059364s ]
INFO: [ app_begin ] --START--
INFO: Run Behavior\ReadHtmlCacheBehavior [ RunTime:0.006456s ]
INFO: [ app_begin ] --END-- [ RunTime:0.006662s ]
INFO: [ view_parse ] --START--
INFO: [ template_filter ] --START--
INFO: Run Behavior\ContentReplaceBehavior [ RunTime:0.000361s ]
INFO: [ template_filter ] --END-- [ RunTime:0.000639s ]
INFO: Run Behavior\ParseTemplateBehavior [ RunTime:0.132196s ]
INFO: [ view_parse ] --END-- [ RunTime:0.132489s ]
INFO: [ view_filter ] --START--
INFO: Run Behavior\WriteHtmlCacheBehavior [ RunTime:0.012933s ]
INFO: [ view_filter ] --END-- [ RunTime:0.013111s ]
INFO: [ app_end ] --START--
INFO: Run Behavior\ShowPageTraceBehavior [ RunTime:0.032988s ]
INFO: [ app_end ] --END-- [ RunTime:0.033214s ]

[ 2016-08-01T09:00:33+08:00 ] ::1 /yunmarker/index.php/Home/Yun/ShowClassification
INFO: [ app_init ] --START--
INFO: Run Behavior\BuildLiteBehavior [ RunTime:0.000050s ]
INFO: [ app_init ] --END-- [ RunTime:0.000814s ]
INFO: [ app_begin ] --START--
INFO: Run Behavior\ReadHtmlCacheBehavior [ RunTime:0.000537s ]
INFO: [ app_begin ] --END-- [ RunTime:0.000660s ]
SQL: SHOW COLUMNS FROM `classification` [ RunTime:0.1983s ]
SQL: SELECT * FROM `classification` ORDER BY update_time desc,create_time desc  [ RunTime:0.0013s ]
INFO: [ app_end ] --START--
INFO: Run Behavior\ShowPageTraceBehavior [ RunTime:0.001057s ]
INFO: [ app_end ] --END-- [ RunTime:0.001281s ]

