[ 2016-08-08T09:42:46+08:00 ] ::1 /yunmarker/index.php/Home/Yun
INFO: [ app_init ] --START--
INFO: Run Behavior\BuildLiteBehavior [ RunTime:0.000060s ]
INFO: [ app_init ] --END-- [ RunTime:0.056660s ]
INFO: [ app_begin ] --START--
INFO: Run Behavior\ReadHtmlCacheBehavior [ RunTime:0.017497s ]
INFO: [ app_begin ] --END-- [ RunTime:0.017793s ]
INFO: [ view_parse ] --START--
INFO: [ template_filter ] --START--
INFO: Run Behavior\ContentReplaceBehavior [ RunTime:0.000429s ]
INFO: [ template_filter ] --END-- [ RunTime:0.000831s ]
INFO: Run Behavior\ParseTemplateBehavior [ RunTime:0.116186s ]
INFO: [ view_parse ] --END-- [ RunTime:0.116477s ]
INFO: [ view_filter ] --START--
INFO: Run Behavior\WriteHtmlCacheBehavior [ RunTime:0.010085s ]
INFO: [ view_filter ] --END-- [ RunTime:0.010354s ]
INFO: [ app_end ] --START--
INFO: Run Behavior\ShowPageTraceBehavior [ RunTime:0.028982s ]
INFO: [ app_end ] --END-- [ RunTime:0.029439s ]

[ 2016-08-08T09:42:49+08:00 ] ::1 /yunmarker/index.php/Home/Yun/ShowClassification
INFO: [ app_init ] --START--
INFO: Run Behavior\BuildLiteBehavior [ RunTime:0.000063s ]
INFO: [ app_init ] --END-- [ RunTime:0.001183s ]
INFO: [ app_begin ] --START--
INFO: Run Behavior\ReadHtmlCacheBehavior [ RunTime:0.001185s ]
INFO: [ app_begin ] --END-- [ RunTime:0.001455s ]
SQL: SHOW COLUMNS FROM `classification` [ RunTime:0.1406s ]
SQL: SELECT * FROM `classification` ORDER BY update_time desc,create_time desc  [ RunTime:0.0014s ]
INFO: [ app_end ] --START--
INFO: Run Behavior\ShowPageTraceBehavior [ RunTime:0.001981s ]
INFO: [ app_end ] --END-- [ RunTime:0.002232s ]

[ 2016-08-08T09:43:35+08:00 ] ::1 /yunmarker/index.php/Home/Yun/NewClassification
INFO: [ app_init ] --START--
INFO: Run Behavior\BuildLiteBehavior [ RunTime:0.000072s ]
INFO: [ app_init ] --END-- [ RunTime:0.000829s ]
INFO: [ app_begin ] --START--
INFO: Run Behavior\ReadHtmlCacheBehavior [ RunTime:0.000648s ]
INFO: [ app_begin ] --END-- [ RunTime:0.000760s ]
SQL: SHOW COLUMNS FROM `classification` [ RunTime:0.0047s ]
SQL: INSERT INTO `classification` (`img`,`name`,`create_time`) VALUES ('/yunmarker/client/uploads/img/1470620614.png','测试','2016-08-08 09:43:34') [ RunTime:0.4493s ]
INFO: [ app_end ] --START--
INFO: Run Behavior\ShowPageTraceBehavior [ RunTime:0.001563s ]
INFO: [ app_end ] --END-- [ RunTime:0.001778s ]

[ 2016-08-08T09:49:06+08:00 ] ::1 /yunmarker/index.php/Home/Yun
INFO: [ app_init ] --START--
INFO: Run Behavior\BuildLiteBehavior [ RunTime:0.000029s ]
INFO: [ app_init ] --END-- [ RunTime:0.000556s ]
INFO: [ app_begin ] --START--
INFO: Run Behavior\ReadHtmlCacheBehavior [ RunTime:0.000825s ]
INFO: [ app_begin ] --END-- [ RunTime:0.000973s ]
INFO: [ view_parse ] --START--
INFO: [ template_filter ] --START--
INFO: Run Behavior\ContentReplaceBehavior [ RunTime:0.000208s ]
INFO: [ template_filter ] --END-- [ RunTime:0.000394s ]
INFO: Run Behavior\ParseTemplateBehavior [ RunTime:0.013573s ]
INFO: [ view_parse ] --END-- [ RunTime:0.013777s ]
INFO: [ view_filter ] --START--
INFO: Run Behavior\WriteHtmlCacheBehavior [ RunTime:0.000821s ]
INFO: [ view_filter ] --END-- [ RunTime:0.001066s ]
INFO: [ app_end ] --START--
INFO: Run Behavior\ShowPageTraceBehavior [ RunTime:0.001062s ]
INFO: [ app_end ] --END-- [ RunTime:0.001329s ]

[ 2016-08-08T09:49:07+08:00 ] ::1 /yunmarker/index.php/Home/Yun/ShowClassification
INFO: [ app_init ] --START--
INFO: Run Behavior\BuildLiteBehavior [ RunTime:0.000034s ]
INFO: [ app_init ] --END-- [ RunTime:0.000670s ]
INFO: [ app_begin ] --START--
INFO: Run Behavior\ReadHtmlCacheBehavior [ RunTime:0.000783s ]
INFO: [ app_begin ] --END-- [ RunTime:0.000918s ]
SQL: SHOW COLUMNS FROM `classification` [ RunTime:0.0047s ]
SQL: SELECT * FROM `classification` ORDER BY update_time desc,create_time desc  [ RunTime:0.0004s ]
INFO: [ app_end ] --START--
INFO: Run Behavior\ShowPageTraceBehavior [ RunTime:0.000763s ]
INFO: [ app_end ] --END-- [ RunTime:0.000864s ]

[ 2016-08-08T09:49:41+08:00 ] ::1 /yunmarker/index.php/Home/Yun
INFO: [ app_init ] --START--
INFO: Run Behavior\BuildLiteBehavior [ RunTime:0.000033s ]
INFO: [ app_init ] --END-- [ RunTime:0.000665s ]
INFO: [ app_begin ] --START--
INFO: Run Behavior\ReadHtmlCacheBehavior [ RunTime:0.000711s ]
INFO: [ app_begin ] --END-- [ RunTime:0.000852s ]
INFO: [ view_parse ] --START--
INFO: [ template_filter ] --START--
INFO: Run Behavior\ContentReplaceBehavior [ RunTime:0.000180s ]
INFO: [ template_filter ] --END-- [ RunTime:0.000324s ]
INFO: Run Behavior\ParseTemplateBehavior [ RunTime:0.014094s ]
INFO: [ view_parse ] --END-- [ RunTime:0.014267s ]
INFO: [ view_filter ] --START--
INFO: Run Behavior\WriteHtmlCacheBehavior [ RunTime:0.000570s ]
INFO: [ view_filter ] --END-- [ RunTime:0.000694s ]
INFO: [ app_end ] --START--
INFO: Run Behavior\ShowPageTraceBehavior [ RunTime:0.001322s ]
INFO: [ app_end ] --END-- [ RunTime:0.001598s ]

[ 2016-08-08T09:49:41+08:00 ] ::1 /yunmarker/index.php/Home/Yun/ShowClassification
INFO: [ app_init ] --START--
INFO: Run Behavior\BuildLiteBehavior [ RunTime:0.000056s ]
INFO: [ app_init ] --END-- [ RunTime:0.001048s ]
INFO: [ app_begin ] --START--
INFO: Run Behavior\ReadHtmlCacheBehavior [ RunTime:0.001102s ]
INFO: [ app_begin ] --END-- [ RunTime:0.001326s ]
SQL: SHOW COLUMNS FROM `classification` [ RunTime:0.0052s ]
SQL: SELECT * FROM `classification` ORDER BY update_time desc,create_time desc  [ RunTime:0.0004s ]
INFO: [ app_end ] --START--
INFO: Run Behavior\ShowPageTraceBehavior [ RunTime:0.000817s ]
INFO: [ app_end ] --END-- [ RunTime:0.000924s ]

[ 2016-08-08T09:50:20+08:00 ] ::1 /yunmarker/index.php/Home/Yun/NewClassification
INFO: [ app_init ] --START--
INFO: Run Behavior\BuildLiteBehavior [ RunTime:0.000028s ]
INFO: [ app_init ] --END-- [ RunTime:0.000518s ]
INFO: [ app_begin ] --START--
INFO: Run Behavior\ReadHtmlCacheBehavior [ RunTime:0.000588s ]
INFO: [ app_begin ] --END-- [ RunTime:0.000693s ]
SQL: SHOW COLUMNS FROM `classification` [ RunTime:0.0048s ]
SQL: INSERT INTO `classification` (`img`,`name`,`create_time`) VALUES ('/yunmarker/client/uploads/img/1470621020.png','测试2','2016-08-08 09:50:20') [ RunTime:0.1466s ]
INFO: [ app_end ] --START--
INFO: Run Behavior\ShowPageTraceBehavior [ RunTime:0.001404s ]
INFO: [ app_end ] --END-- [ RunTime:0.001620s ]

[ 2016-08-08T09:50:41+08:00 ] ::1 /yunmarker/index.php/Home/Yun/DeleteClassification
INFO: [ app_init ] --START--
INFO: Run Behavior\BuildLiteBehavior [ RunTime:0.000028s ]
INFO: [ app_init ] --END-- [ RunTime:0.000499s ]
INFO: [ app_begin ] --START--
INFO: Run Behavior\ReadHtmlCacheBehavior [ RunTime:0.000500s ]
INFO: [ app_begin ] --END-- [ RunTime:0.000622s ]
SQL: SHOW COLUMNS FROM `classification` [ RunTime:0.0044s ]
SQL: SELECT * FROM `classification` WHERE ( classification_id=4 ) LIMIT 1   [ RunTime:0.0431s ]
SQL: SHOW COLUMNS FROM `yunmarker` [ RunTime:0.0520s ]
SQL: DELETE FROM `yunmarker` WHERE `classification_id` = 4 [ RunTime:0.0021s ]
INFO: [ app_end ] --START--
INFO: Run Behavior\ShowPageTraceBehavior [ RunTime:0.001228s ]
INFO: [ app_end ] --END-- [ RunTime:0.001474s ]

[ 2016-08-08T10:51:08+08:00 ] ::1 /yunmarker/index.php/Home/Yun
INFO: [ app_init ] --START--
INFO: Run Behavior\BuildLiteBehavior [ RunTime:0.000061s ]
INFO: [ app_init ] --END-- [ RunTime:0.037799s ]
INFO: [ app_begin ] --START--
INFO: Run Behavior\ReadHtmlCacheBehavior [ RunTime:0.011359s ]
INFO: [ app_begin ] --END-- [ RunTime:0.011660s ]
INFO: [ view_parse ] --START--
INFO: [ template_filter ] --START--
INFO: Run Behavior\ContentReplaceBehavior [ RunTime:0.000542s ]
INFO: [ template_filter ] --END-- [ RunTime:0.001010s ]
INFO: Run Behavior\ParseTemplateBehavior [ RunTime:0.070288s ]
INFO: [ view_parse ] --END-- [ RunTime:0.070738s ]
INFO: [ view_filter ] --START--
INFO: Run Behavior\WriteHtmlCacheBehavior [ RunTime:0.001937s ]
INFO: [ view_filter ] --END-- [ RunTime:0.002312s ]
INFO: [ app_end ] --START--
INFO: Run Behavior\ShowPageTraceBehavior [ RunTime:0.029632s ]
INFO: [ app_end ] --END-- [ RunTime:0.030074s ]

[ 2016-08-08T10:51:10+08:00 ] ::1 /yunmarker/index.php/Home/Yun/ShowClassification
INFO: [ app_init ] --START--
INFO: Run Behavior\BuildLiteBehavior [ RunTime:0.000031s ]
INFO: [ app_init ] --END-- [ RunTime:0.000537s ]
INFO: [ app_begin ] --START--
INFO: Run Behavior\ReadHtmlCacheBehavior [ RunTime:0.000570s ]
INFO: [ app_begin ] --END-- [ RunTime:0.000686s ]
SQL: SHOW COLUMNS FROM `classification` [ RunTime:0.1678s ]
SQL: SELECT * FROM `classification` ORDER BY update_time desc,create_time desc  [ RunTime:0.0357s ]
INFO: [ app_end ] --START--
INFO: Run Behavior\ShowPageTraceBehavior [ RunTime:0.001387s ]
INFO: [ app_end ] --END-- [ RunTime:0.001648s ]

[ 2016-08-08T10:51:13+08:00 ] ::1 /yunmarker/index.php/Home/Yun/DeleteClassification
INFO: [ app_init ] --START--
INFO: Run Behavior\BuildLiteBehavior [ RunTime:0.000027s ]
INFO: [ app_init ] --END-- [ RunTime:0.000454s ]
INFO: [ app_begin ] --START--
INFO: Run Behavior\ReadHtmlCacheBehavior [ RunTime:0.000462s ]
INFO: [ app_begin ] --END-- [ RunTime:0.000566s ]
SQL: SHOW COLUMNS FROM `classification` [ RunTime:0.0043s ]
SQL: SELECT * FROM `classification` WHERE ( classification_id=4 ) LIMIT 1   [ RunTime:0.0275s ]
SQL: SHOW COLUMNS FROM `yunmarker` [ RunTime:0.0046s ]
SQL: SHOW COLUMNS FROM `yunmarker` [ RunTime:0.0048s ]
SQL: SELECT * FROM `yunmarker` WHERE `classification_id` = 4  [ RunTime:0.0004s ]
SQL: DELETE FROM `classification` WHERE `classification_id` = 4 [ RunTime:0.0631s ]
INFO: [ app_end ] --START--
INFO: Run Behavior\ShowPageTraceBehavior [ RunTime:0.001480s ]
INFO: [ app_end ] --END-- [ RunTime:0.001703s ]

[ 2016-08-08T10:51:15+08:00 ] ::1 /yunmarker/index.php/Home/Yun
INFO: [ app_init ] --START--
INFO: Run Behavior\BuildLiteBehavior [ RunTime:0.000027s ]
INFO: [ app_init ] --END-- [ RunTime:0.000468s ]
INFO: [ app_begin ] --START--
INFO: Run Behavior\ReadHtmlCacheBehavior [ RunTime:0.001938s ]
INFO: [ app_begin ] --END-- [ RunTime:0.002185s ]
INFO: [ view_parse ] --START--
INFO: [ template_filter ] --START--
INFO: Run Behavior\ContentReplaceBehavior [ RunTime:0.000178s ]
INFO: [ template_filter ] --END-- [ RunTime:0.000318s ]
INFO: Run Behavior\ParseTemplateBehavior [ RunTime:0.012969s ]
INFO: [ view_parse ] --END-- [ RunTime:0.013119s ]
INFO: [ view_filter ] --START--
INFO: Run Behavior\WriteHtmlCacheBehavior [ RunTime:0.000431s ]
INFO: [ view_filter ] --END-- [ RunTime:0.000548s ]
INFO: [ app_end ] --START--
INFO: Run Behavior\ShowPageTraceBehavior [ RunTime:0.000504s ]
INFO: [ app_end ] --END-- [ RunTime:0.000719s ]

[ 2016-08-08T10:51:16+08:00 ] ::1 /yunmarker/index.php/Home/Yun/ShowClassification
INFO: [ app_init ] --START--
INFO: Run Behavior\BuildLiteBehavior [ RunTime:0.000029s ]
INFO: [ app_init ] --END-- [ RunTime:0.000475s ]
INFO: [ app_begin ] --START--
INFO: Run Behavior\ReadHtmlCacheBehavior [ RunTime:0.000796s ]
INFO: [ app_begin ] --END-- [ RunTime:0.001009s ]
SQL: SHOW COLUMNS FROM `classification` [ RunTime:0.0050s ]
SQL: SELECT * FROM `classification` ORDER BY update_time desc,create_time desc  [ RunTime:0.0003s ]
INFO: [ app_end ] --START--
INFO: Run Behavior\ShowPageTraceBehavior [ RunTime:0.000594s ]
INFO: [ app_end ] --END-- [ RunTime:0.000704s ]

[ 2016-08-08T10:51:24+08:00 ] ::1 /yunmarker/index.php/Home/Yun/ShowAll?classification_id=3
INFO: [ app_init ] --START--
INFO: Run Behavior\BuildLiteBehavior [ RunTime:0.000046s ]
INFO: [ app_init ] --END-- [ RunTime:0.000528s ]
INFO: [ app_begin ] --START--
INFO: Run Behavior\ReadHtmlCacheBehavior [ RunTime:0.000545s ]
INFO: [ app_begin ] --END-- [ RunTime:0.000668s ]
SQL: SHOW COLUMNS FROM `yunmarker` [ RunTime:0.0044s ]
SQL: SELECT * FROM `yunmarker` WHERE ( classification_id=3 ) ORDER BY update_time desc,create_time desc  [ RunTime:0.0003s ]
INFO: [ view_parse ] --START--
INFO: [ template_filter ] --START--
INFO: Run Behavior\ContentReplaceBehavior [ RunTime:0.000206s ]
INFO: [ template_filter ] --END-- [ RunTime:0.000474s ]
INFO: Run Behavior\ParseTemplateBehavior [ RunTime:0.130460s ]
INFO: [ view_parse ] --END-- [ RunTime:0.130828s ]
INFO: [ view_filter ] --START--
INFO: Run Behavior\WriteHtmlCacheBehavior [ RunTime:0.001247s ]
INFO: [ view_filter ] --END-- [ RunTime:0.001761s ]
INFO: [ app_end ] --START--
INFO: Run Behavior\ShowPageTraceBehavior [ RunTime:0.001713s ]
INFO: [ app_end ] --END-- [ RunTime:0.002247s ]

[ 2016-08-08T10:51:45+08:00 ] ::1 /yunmarker/index.php/Home/Yun/Add?title=&url=http%3A%2F%2Fwiki.dev.anoah.com%2Findex.php%3Ftitle%3D%2Fapi%2F%253Fq%253Djson%2Febag%2Fuser%2Fscore%2FcategoryCountDetail%23.E5.8F.82.E6.95.B0.E6.A0.BC.E5.BC.8F&classification_id=3&_=1470624705117
INFO: [ app_init ] --START--
INFO: Run Behavior\BuildLiteBehavior [ RunTime:0.000029s ]
INFO: [ app_init ] --END-- [ RunTime:0.000447s ]
INFO: [ app_begin ] --START--
INFO: Run Behavior\ReadHtmlCacheBehavior [ RunTime:0.000576s ]
INFO: [ app_begin ] --END-- [ RunTime:0.000697s ]
SQL: SHOW COLUMNS FROM `yunmarker` [ RunTime:0.0048s ]
SQL: INSERT INTO `yunmarker` (`title`,`href`,`icon`,`marker_id`,`classification_id`,`create_time`) VALUES ('/api/?q=json/ebag/user/score/categoryCountDetail - 凌云诺亚舟技术文档','http://wiki.dev.anoah.com/index.php?title=/api/%3Fq%3Djson/ebag/user/score/categoryCountDetail#.E5.8F.82.E6.95.B0.E6.A0.BC.E5.BC.8F','http://wiki.dev.anoah.com/index.php?title=/api/%3Fq%3Djson/ebag/user/score/categoryCountDetail#.E5.8F.82.E6.95.B0.E6.A0.BC.E5.BC.8F/favicon.ico',NULL,'3','2016-08-08 10:51:45') [ RunTime:0.0656s ]
INFO: [ app_end ] --START--
INFO: Run Behavior\ShowPageTraceBehavior [ RunTime:0.000713s ]
INFO: [ app_end ] --END-- [ RunTime:0.000850s ]

[ 2016-08-08T10:52:22+08:00 ] ::1 /yunmarker/index.php/Home/Yun
INFO: [ app_init ] --START--
INFO: Run Behavior\BuildLiteBehavior [ RunTime:0.000027s ]
INFO: [ app_init ] --END-- [ RunTime:0.000411s ]
INFO: [ app_begin ] --START--
INFO: Run Behavior\ReadHtmlCacheBehavior [ RunTime:0.000430s ]
INFO: [ app_begin ] --END-- [ RunTime:0.000554s ]
INFO: [ view_parse ] --START--
INFO: [ template_filter ] --START--
INFO: Run Behavior\ContentReplaceBehavior [ RunTime:0.000197s ]
INFO: [ template_filter ] --END-- [ RunTime:0.000329s ]
INFO: Run Behavior\ParseTemplateBehavior [ RunTime:0.013115s ]
INFO: [ view_parse ] --END-- [ RunTime:0.013393s ]
INFO: [ view_filter ] --START--
INFO: Run Behavior\WriteHtmlCacheBehavior [ RunTime:0.000762s ]
INFO: [ view_filter ] --END-- [ RunTime:0.001050s ]
INFO: [ app_end ] --START--
INFO: Run Behavior\ShowPageTraceBehavior [ RunTime:0.000816s ]
INFO: [ app_end ] --END-- [ RunTime:0.001052s ]

[ 2016-08-08T10:52:22+08:00 ] ::1 /yunmarker/index.php/Home/Yun/ShowClassification
INFO: [ app_init ] --START--
INFO: Run Behavior\BuildLiteBehavior [ RunTime:0.000029s ]
INFO: [ app_init ] --END-- [ RunTime:0.000445s ]
INFO: [ app_begin ] --START--
INFO: Run Behavior\ReadHtmlCacheBehavior [ RunTime:0.000519s ]
INFO: [ app_begin ] --END-- [ RunTime:0.000637s ]
SQL: SHOW COLUMNS FROM `classification` [ RunTime:0.0059s ]
SQL: SELECT * FROM `classification` ORDER BY update_time desc,create_time desc  [ RunTime:0.0003s ]
INFO: [ app_end ] --START--
INFO: Run Behavior\ShowPageTraceBehavior [ RunTime:0.000563s ]
INFO: [ app_end ] --END-- [ RunTime:0.000666s ]

[ 2016-08-08T10:52:25+08:00 ] ::1 /yunmarker/index.php/Home/Yun/DeleteClassification
INFO: [ app_init ] --START--
INFO: Run Behavior\BuildLiteBehavior [ RunTime:0.000027s ]
INFO: [ app_init ] --END-- [ RunTime:0.000419s ]
INFO: [ app_begin ] --START--
INFO: Run Behavior\ReadHtmlCacheBehavior [ RunTime:0.001129s ]
INFO: [ app_begin ] --END-- [ RunTime:0.001323s ]
SQL: SHOW COLUMNS FROM `classification` [ RunTime:0.0052s ]
SQL: SELECT * FROM `classification` WHERE ( classification_id=3 ) LIMIT 1   [ RunTime:0.0004s ]
SQL: SHOW COLUMNS FROM `yunmarker` [ RunTime:0.0045s ]
SQL: SHOW COLUMNS FROM `yunmarker` [ RunTime:0.0040s ]
SQL: SELECT * FROM `yunmarker` WHERE `classification_id` = 3  [ RunTime:0.0003s ]
SQL: DELETE FROM `yunmarker` WHERE `classification_id` = 3 [ RunTime:0.0002s ]
SQL: DELETE FROM `classification` WHERE `classification_id` = 3 [ RunTime:0.0002s ]
INFO: [ app_end ] --START--
INFO: Run Behavior\ShowPageTraceBehavior [ RunTime:0.001833s ]
INFO: [ app_end ] --END-- [ RunTime:0.002080s ]

[ 2016-08-08T10:52:26+08:00 ] ::1 /yunmarker/index.php/Home/Yun
INFO: [ app_init ] --START--
INFO: Run Behavior\BuildLiteBehavior [ RunTime:0.000027s ]
INFO: [ app_init ] --END-- [ RunTime:0.000483s ]
INFO: [ app_begin ] --START--
INFO: Run Behavior\ReadHtmlCacheBehavior [ RunTime:0.000500s ]
INFO: [ app_begin ] --END-- [ RunTime:0.000623s ]
INFO: [ view_parse ] --START--
INFO: [ template_filter ] --START--
INFO: Run Behavior\ContentReplaceBehavior [ RunTime:0.000173s ]
INFO: [ template_filter ] --END-- [ RunTime:0.000305s ]
INFO: Run Behavior\ParseTemplateBehavior [ RunTime:0.011608s ]
INFO: [ view_parse ] --END-- [ RunTime:0.011813s ]
INFO: [ view_filter ] --START--
INFO: Run Behavior\WriteHtmlCacheBehavior [ RunTime:0.000704s ]
INFO: [ view_filter ] --END-- [ RunTime:0.000941s ]
INFO: [ app_end ] --START--
INFO: Run Behavior\ShowPageTraceBehavior [ RunTime:0.000806s ]
INFO: [ app_end ] --END-- [ RunTime:0.001063s ]

[ 2016-08-08T10:52:27+08:00 ] ::1 /yunmarker/index.php/Home/Yun/ShowClassification
INFO: [ app_init ] --START--
INFO: Run Behavior\BuildLiteBehavior [ RunTime:0.000028s ]
INFO: [ app_init ] --END-- [ RunTime:0.000446s ]
INFO: [ app_begin ] --START--
INFO: Run Behavior\ReadHtmlCacheBehavior [ RunTime:0.000508s ]
INFO: [ app_begin ] --END-- [ RunTime:0.000625s ]
SQL: SHOW COLUMNS FROM `classification` [ RunTime:0.0340s ]
SQL: SELECT * FROM `classification` ORDER BY update_time desc,create_time desc  [ RunTime:0.0003s ]
INFO: [ app_end ] --START--
INFO: Run Behavior\ShowPageTraceBehavior [ RunTime:0.000575s ]
INFO: [ app_end ] --END-- [ RunTime:0.000682s ]

[ 2016-08-08T10:54:35+08:00 ] ::1 /yunmarker/index.php/Home/Yun
INFO: [ app_init ] --START--
INFO: Run Behavior\BuildLiteBehavior [ RunTime:0.000028s ]
INFO: [ app_init ] --END-- [ RunTime:0.000553s ]
INFO: [ app_begin ] --START--
INFO: Run Behavior\ReadHtmlCacheBehavior [ RunTime:0.000956s ]
INFO: [ app_begin ] --END-- [ RunTime:0.001138s ]
INFO: [ view_parse ] --START--
INFO: [ template_filter ] --START--
INFO: Run Behavior\ContentReplaceBehavior [ RunTime:0.000216s ]
INFO: [ template_filter ] --END-- [ RunTime:0.000489s ]
INFO: Run Behavior\ParseTemplateBehavior [ RunTime:0.011824s ]
INFO: [ view_parse ] --END-- [ RunTime:0.012036s ]
INFO: [ view_filter ] --START--
INFO: Run Behavior\WriteHtmlCacheBehavior [ RunTime:0.000442s ]
INFO: [ view_filter ] --END-- [ RunTime:0.000592s ]
INFO: [ app_end ] --START--
INFO: Run Behavior\ShowPageTraceBehavior [ RunTime:0.000753s ]
INFO: [ app_end ] --END-- [ RunTime:0.000973s ]

[ 2016-08-08T10:54:36+08:00 ] ::1 /yunmarker/index.php/Home/Yun/ShowClassification
INFO: [ app_init ] --START--
INFO: Run Behavior\BuildLiteBehavior [ RunTime:0.000029s ]
INFO: [ app_init ] --END-- [ RunTime:0.000450s ]
INFO: [ app_begin ] --START--
INFO: Run Behavior\ReadHtmlCacheBehavior [ RunTime:0.000513s ]
INFO: [ app_begin ] --END-- [ RunTime:0.000631s ]
SQL: SHOW COLUMNS FROM `classification` [ RunTime:0.1172s ]
SQL: SELECT * FROM `classification` ORDER BY update_time desc,create_time desc  [ RunTime:0.0005s ]
INFO: [ app_end ] --START--
INFO: Run Behavior\ShowPageTraceBehavior [ RunTime:0.000566s ]
INFO: [ app_end ] --END-- [ RunTime:0.000667s ]

[ 2016-08-08T10:55:53+08:00 ] ::1 /yunmarker/index.php/Home/Yun/ShowAll?classification_id=1
INFO: [ app_init ] --START--
INFO: Run Behavior\BuildLiteBehavior [ RunTime:0.000058s ]
INFO: [ app_init ] --END-- [ RunTime:0.001007s ]
INFO: [ app_begin ] --START--
INFO: Run Behavior\ReadHtmlCacheBehavior [ RunTime:0.001173s ]
INFO: [ app_begin ] --END-- [ RunTime:0.001445s ]
SQL: SHOW COLUMNS FROM `yunmarker` [ RunTime:0.0070s ]
SQL: SELECT * FROM `yunmarker` WHERE ( classification_id=1 ) ORDER BY update_time desc,create_time desc  [ RunTime:0.0006s ]
INFO: [ view_parse ] --START--
INFO: [ template_filter ] --START--
INFO: Run Behavior\ContentReplaceBehavior [ RunTime:0.000098s ]
INFO: [ template_filter ] --END-- [ RunTime:0.000229s ]
INFO: Run Behavior\ParseTemplateBehavior [ RunTime:0.012965s ]
INFO: [ view_parse ] --END-- [ RunTime:0.013162s ]
INFO: [ view_filter ] --START--
INFO: Run Behavior\WriteHtmlCacheBehavior [ RunTime:0.000588s ]
INFO: [ view_filter ] --END-- [ RunTime:0.000826s ]
INFO: [ app_end ] --START--
INFO: Run Behavior\ShowPageTraceBehavior [ RunTime:0.000910s ]
INFO: [ app_end ] --END-- [ RunTime:0.001179s ]

[ 2016-08-08T10:56:00+08:00 ] ::1 /yunmarker/index.php/Home/Yun/Add?title=&url=http%3A%2F%2Fblog.sina.com.cn%2Fs%2Fblog_9a06890901015n2b.html&classification_id=1&_=1470624959664
INFO: [ app_init ] --START--
INFO: Run Behavior\BuildLiteBehavior [ RunTime:0.000029s ]
INFO: [ app_init ] --END-- [ RunTime:0.000445s ]
INFO: [ app_begin ] --START--
INFO: Run Behavior\ReadHtmlCacheBehavior [ RunTime:0.000964s ]
INFO: [ app_begin ] --END-- [ RunTime:0.001218s ]
NOTIC: [8] Trying to get property of non-object E:\interface\dev-yii\www\yunmarker\Application\Home\Controller\YunController.class.php 第 69 行.
NOTIC: [8] Trying to get property of non-object E:\interface\dev-yii\www\yunmarker\Application\Home\Controller\YunController.class.php 第 71 行.
NOTIC: [8] Undefined index: icon E:\interface\dev-yii\www\yunmarker\Application\Home\Controller\YunController.class.php 第 85 行.
SQL: SHOW COLUMNS FROM `yunmarker` [ RunTime:0.0044s ]
SQL: INSERT INTO `yunmarker` (`title`,`href`,`icon`,`marker_id`,`classification_id`,`create_time`) VALUES ('Thinkphp&nbsp;CURD&nbsp;增&nbsp;删&nbsp;改&nbsp;查_掌控手_新浪博客','http://blog.sina.com.cn/s/blog_9a06890901015n2b.html','/yunmarker/client/assets/img/icon.jpg',NULL,'1','2016-08-08 10:56:00') [ RunTime:0.0353s ]
INFO: [ app_end ] --START--
INFO: Run Behavior\ShowPageTraceBehavior [ RunTime:0.000607s ]
INFO: [ app_end ] --END-- [ RunTime:0.000712s ]

[ 2016-08-08T11:36:13+08:00 ] ::1 /yunmarker/Yun.php
INFO: [ app_init ] --START--
INFO: Run Behavior\BuildLiteBehavior [ RunTime:0.000266s ]
INFO: [ app_init ] --END-- [ RunTime:0.054099s ]
INFO: [ app_begin ] --START--
INFO: Run Behavior\ReadHtmlCacheBehavior [ RunTime:0.016730s ]
INFO: [ app_begin ] --END-- [ RunTime:0.017118s ]
INFO: [ view_parse ] --START--
INFO: [ template_filter ] --START--
INFO: Run Behavior\ContentReplaceBehavior [ RunTime:0.000375s ]
INFO: [ template_filter ] --END-- [ RunTime:0.000651s ]
INFO: Run Behavior\ParseTemplateBehavior [ RunTime:0.052674s ]
INFO: [ view_parse ] --END-- [ RunTime:0.053130s ]
INFO: [ view_filter ] --START--
INFO: Run Behavior\WriteHtmlCacheBehavior [ RunTime:0.001734s ]
INFO: [ view_filter ] --END-- [ RunTime:0.002218s ]
INFO: [ app_end ] --START--
INFO: Run Behavior\ShowPageTraceBehavior [ RunTime:0.014193s ]
INFO: [ app_end ] --END-- [ RunTime:0.014589s ]

[ 2016-08-08T11:36:15+08:00 ] ::1 /yunmarker/index.php/Home/Yun/ShowClassification
INFO: [ app_init ] --START--
INFO: Run Behavior\BuildLiteBehavior [ RunTime:0.000027s ]
INFO: [ app_init ] --END-- [ RunTime:0.000455s ]
INFO: [ app_begin ] --START--
INFO: Run Behavior\ReadHtmlCacheBehavior [ RunTime:0.000681s ]
INFO: [ app_begin ] --END-- [ RunTime:0.000784s ]
SQL: SHOW COLUMNS FROM `classification` [ RunTime:0.1363s ]
SQL: SELECT * FROM `classification` ORDER BY update_time desc,create_time desc  [ RunTime:0.0193s ]
INFO: [ app_end ] --START--
INFO: Run Behavior\ShowPageTraceBehavior [ RunTime:0.002323s ]
INFO: [ app_end ] --END-- [ RunTime:0.002679s ]

[ 2016-08-08T11:36:32+08:00 ] ::1 /yunmarker/yun.php
INFO: [ app_init ] --START--
INFO: Run Behavior\BuildLiteBehavior [ RunTime:0.000071s ]
INFO: [ app_init ] --END-- [ RunTime:0.000947s ]
INFO: [ app_begin ] --START--
INFO: Run Behavior\ReadHtmlCacheBehavior [ RunTime:0.000715s ]
INFO: [ app_begin ] --END-- [ RunTime:0.000851s ]
INFO: [ view_parse ] --START--
INFO: [ template_filter ] --START--
INFO: Run Behavior\ContentReplaceBehavior [ RunTime:0.000174s ]
INFO: [ template_filter ] --END-- [ RunTime:0.000311s ]
INFO: Run Behavior\ParseTemplateBehavior [ RunTime:0.030080s ]
INFO: [ view_parse ] --END-- [ RunTime:0.030245s ]
INFO: [ view_filter ] --START--
INFO: Run Behavior\WriteHtmlCacheBehavior [ RunTime:0.000866s ]
INFO: [ view_filter ] --END-- [ RunTime:0.001072s ]
INFO: [ app_end ] --START--
INFO: Run Behavior\ShowPageTraceBehavior [ RunTime:0.001441s ]
INFO: [ app_end ] --END-- [ RunTime:0.001734s ]

[ 2016-08-08T11:36:32+08:00 ] ::1 /yunmarker/index.php/Home/Yun/ShowClassification
INFO: [ app_init ] --START--
INFO: Run Behavior\BuildLiteBehavior [ RunTime:0.000032s ]
INFO: [ app_init ] --END-- [ RunTime:0.000593s ]
INFO: [ app_begin ] --START--
INFO: Run Behavior\ReadHtmlCacheBehavior [ RunTime:0.000950s ]
INFO: [ app_begin ] --END-- [ RunTime:0.001138s ]
SQL: SHOW COLUMNS FROM `classification` [ RunTime:0.0048s ]
SQL: SELECT * FROM `classification` ORDER BY update_time desc,create_time desc  [ RunTime:0.0003s ]
INFO: [ app_end ] --START--
INFO: Run Behavior\ShowPageTraceBehavior [ RunTime:0.001169s ]
INFO: [ app_end ] --END-- [ RunTime:0.001316s ]

[ 2016-08-08T11:37:40+08:00 ] ::1 /yunmarker/index.php/Home/Yun/Add?title=&url=http%3A%2F%2Fdocument.thinkphp.cn%2Fmanual_3_2.html%23url&classification_id=1&_=1470627459578
INFO: [ app_init ] --START--
INFO: Run Behavior\BuildLiteBehavior [ RunTime:0.000030s ]
INFO: [ app_init ] --END-- [ RunTime:0.000500s ]
INFO: [ app_begin ] --START--
INFO: Run Behavior\ReadHtmlCacheBehavior [ RunTime:0.000790s ]
INFO: [ app_begin ] --END-- [ RunTime:0.000907s ]
NOTIC: [8] Trying to get property of non-object E:\interface\dev-yii\www\yunmarker\Application\Home\Controller\YunController.class.php 第 69 行.
NOTIC: [8] Trying to get property of non-object E:\interface\dev-yii\www\yunmarker\Application\Home\Controller\YunController.class.php 第 71 行.
NOTIC: [8] Undefined index: icon E:\interface\dev-yii\www\yunmarker\Application\Home\Controller\YunController.class.php 第 85 行.
SQL: SHOW COLUMNS FROM `yunmarker` [ RunTime:0.0058s ]
SQL: INSERT INTO `yunmarker` (`title`,`href`,`icon`,`marker_id`,`classification_id`,`create_time`) VALUES ('序言 - ThinkPHP3.2完全开发手册','http://document.thinkphp.cn/manual_3_2.html#url','/yunmarker/client/assets/img/icon.jpg',NULL,'1','2016-08-08 11:37:40') [ RunTime:0.1072s ]
INFO: [ app_end ] --START--
INFO: Run Behavior\ShowPageTraceBehavior [ RunTime:0.000852s ]
INFO: [ app_end ] --END-- [ RunTime:0.000963s ]

[ 2016-08-08T11:37:56+08:00 ] ::1 /yunmarker/yun.php
INFO: [ app_init ] --START--
INFO: Run Behavior\BuildLiteBehavior [ RunTime:0.000031s ]
INFO: [ app_init ] --END-- [ RunTime:0.000599s ]
INFO: [ app_begin ] --START--
INFO: Run Behavior\ReadHtmlCacheBehavior [ RunTime:0.000680s ]
INFO: [ app_begin ] --END-- [ RunTime:0.000812s ]
INFO: [ view_parse ] --START--
INFO: [ template_filter ] --START--
INFO: Run Behavior\ContentReplaceBehavior [ RunTime:0.000173s ]
INFO: [ template_filter ] --END-- [ RunTime:0.000310s ]
INFO: Run Behavior\ParseTemplateBehavior [ RunTime:0.015436s ]
INFO: [ view_parse ] --END-- [ RunTime:0.015578s ]
INFO: [ view_filter ] --START--
INFO: Run Behavior\WriteHtmlCacheBehavior [ RunTime:0.000586s ]
INFO: [ view_filter ] --END-- [ RunTime:0.000719s ]
INFO: [ app_end ] --START--
INFO: Run Behavior\ShowPageTraceBehavior [ RunTime:0.001172s ]
INFO: [ app_end ] --END-- [ RunTime:0.001452s ]

[ 2016-08-08T11:37:56+08:00 ] ::1 /yunmarker/index.php/Home/Yun/ShowClassification
INFO: [ app_init ] --START--
INFO: Run Behavior\BuildLiteBehavior [ RunTime:0.000046s ]
INFO: [ app_init ] --END-- [ RunTime:0.001149s ]
INFO: [ app_begin ] --START--
INFO: Run Behavior\ReadHtmlCacheBehavior [ RunTime:0.000775s ]
INFO: [ app_begin ] --END-- [ RunTime:0.000891s ]
SQL: SHOW COLUMNS FROM `classification` [ RunTime:0.0048s ]
SQL: SELECT * FROM `classification` ORDER BY update_time desc,create_time desc  [ RunTime:0.0003s ]
INFO: [ app_end ] --START--
INFO: Run Behavior\ShowPageTraceBehavior [ RunTime:0.000815s ]
INFO: [ app_end ] --END-- [ RunTime:0.000920s ]

[ 2016-08-08T11:38:00+08:00 ] ::1 /yunmarker/index.php/Home/Yun/ShowAll?classification_id=1
INFO: [ app_init ] --START--
INFO: Run Behavior\BuildLiteBehavior [ RunTime:0.000029s ]
INFO: [ app_init ] --END-- [ RunTime:0.000496s ]
INFO: [ app_begin ] --START--
INFO: Run Behavior\ReadHtmlCacheBehavior [ RunTime:0.000839s ]
INFO: [ app_begin ] --END-- [ RunTime:0.001006s ]
SQL: SHOW COLUMNS FROM `yunmarker` [ RunTime:0.0055s ]
SQL: SELECT * FROM `yunmarker` WHERE ( classification_id=1 ) ORDER BY update_time desc,create_time desc  [ RunTime:0.0241s ]
INFO: [ view_parse ] --START--
INFO: [ template_filter ] --START--
INFO: Run Behavior\ContentReplaceBehavior [ RunTime:0.000206s ]
INFO: [ template_filter ] --END-- [ RunTime:0.000477s ]
INFO: Run Behavior\ParseTemplateBehavior [ RunTime:0.252789s ]
INFO: [ view_parse ] --END-- [ RunTime:0.253024s ]
INFO: [ view_filter ] --START--
INFO: Run Behavior\WriteHtmlCacheBehavior [ RunTime:0.000729s ]
INFO: [ view_filter ] --END-- [ RunTime:0.000906s ]
INFO: [ app_end ] --START--
INFO: Run Behavior\ShowPageTraceBehavior [ RunTime:0.000860s ]
INFO: [ app_end ] --END-- [ RunTime:0.001073s ]

